{"uid":"fdb7b40c01540676","name":"Sorozatos regisztráció invalid email cím","fullName":"TestRegisterPage.registerEmailMultipleTest","historyId":"b6f9a422a9738bdedee65ab7dda00c34","time":{"start":1656877145052,"stop":1656877162987,"duration":17935},"description":"Sorozatos regisztráció különböző, helytelen email címekkel","descriptionHtml":"<p>Sorozatos regisztráció különböző, helytelen email címekkel</p>\n","status":"failed","statusMessage":"The following asserts failed:\n\tdid not expect [User registered!] but found [User registered!],\n\tdid not expect [User registered!] but found [User registered!],\n\tdid not expect [User registered!] but found [User registered!],\n\tdid not expect [User registered!] but found [User registered!],\n\tdid not expect [User registered!] but found [User registered!],\n\tdid not expect [User registered!] but found [User registered!],\n\tdid not expect [User registered!] but found [User registered!],\n\tdid not expect [User registered!] but found [User registered!],\n\tdid not expect [User registered!] but found [User registered!],\n\tdid not expect [User registered!] but found [User registered!],\n\tdid not expect [User registered!] but found [User registered!],\n\tdid not expect [User registered!] but found [User registered!],\n\tdid not expect [User registered!] but found [User registered!],\n\tdid not expect [User registered!] but found [User registered!],\n\tdid not expect [User registered!] but found [User registered!],\n\tdid not expect [User registered!] but found [User registered!],\n\tdid not expect [User registered!] but found [User registered!]","statusTrace":"java.lang.AssertionError: The following asserts failed:\n\tdid not expect [User registered!] but found [User registered!],\n\tdid not expect [User registered!] but found [User registered!],\n\tdid not expect [User registered!] but found [User registered!],\n\tdid not expect [User registered!] but found [User registered!],\n\tdid not expect [User registered!] but found [User registered!],\n\tdid not expect [User registered!] but found [User registered!],\n\tdid not expect [User registered!] but found [User registered!],\n\tdid not expect [User registered!] but found [User registered!],\n\tdid not expect [User registered!] but found [User registered!],\n\tdid not expect [User registered!] but found [User registered!],\n\tdid not expect [User registered!] but found [User registered!],\n\tdid not expect [User registered!] but found [User registered!],\n\tdid not expect [User registered!] but found [User registered!],\n\tdid not expect [User registered!] but found [User registered!],\n\tdid not expect [User registered!] but found [User registered!],\n\tdid not expect [User registered!] but found [User registered!],\n\tdid not expect [User registered!] but found [User registered!]\n\tat org.testng.asserts.SoftAssert.assertAll(SoftAssert.java:46)\n\tat org.testng.asserts.SoftAssert.assertAll(SoftAssert.java:30)\n\tat TestRegisterPage.registerEmailMultipleTest(TestRegisterPage.java:107)\n\tat java.base/jdk.internal.reflect.NativeMethodAccessorImpl.invoke0(Native Method)\n\tat java.base/jdk.internal.reflect.NativeMethodAccessorImpl.invoke(NativeMethodAccessorImpl.java:78)\n\tat java.base/jdk.internal.reflect.DelegatingMethodAccessorImpl.invoke(DelegatingMethodAccessorImpl.java:43)\n\tat java.base/java.lang.reflect.Method.invoke(Method.java:567)\n\tat org.junit.platform.commons.util.ReflectionUtils.invokeMethod(ReflectionUtils.java:725)\n\tat org.junit.jupiter.engine.execution.MethodInvocation.proceed(MethodInvocation.java:60)\n\tat org.junit.jupiter.engine.execution.InvocationInterceptorChain$ValidatingInvocation.proceed(InvocationInterceptorChain.java:131)\n\tat org.junit.jupiter.api.extension.InvocationInterceptor.interceptTestMethod(InvocationInterceptor.java:118)\n\tat org.junit.jupiter.engine.execution.ExecutableInvoker$ReflectiveInterceptorCall.lambda$ofVoidMethod$0(ExecutableInvoker.java:115)\n\tat org.junit.jupiter.engine.execution.ExecutableInvoker.lambda$invoke$0(ExecutableInvoker.java:105)\n\tat org.junit.jupiter.engine.execution.InvocationInterceptorChain$InterceptedInvocation.proceed(InvocationInterceptorChain.java:106)\n\tat org.junit.jupiter.engine.extension.TimeoutExtension.intercept(TimeoutExtension.java:149)\n\tat org.junit.jupiter.engine.extension.TimeoutExtension.interceptTestableMethod(TimeoutExtension.java:140)\n\tat org.junit.jupiter.engine.extension.TimeoutExtension.interceptTestMethod(TimeoutExtension.java:84)\n\tat org.junit.jupiter.engine.execution.ExecutableInvoker$ReflectiveInterceptorCall.lambda$ofVoidMethod$0(ExecutableInvoker.java:115)\n\tat org.junit.jupiter.engine.execution.ExecutableInvoker.lambda$invoke$0(ExecutableInvoker.java:105)\n\tat org.junit.jupiter.engine.execution.InvocationInterceptorChain$InterceptedInvocation.proceed(InvocationInterceptorChain.java:106)\n\tat org.junit.jupiter.engine.execution.InvocationInterceptorChain.proceed(InvocationInterceptorChain.java:64)\n\tat org.junit.jupiter.engine.execution.InvocationInterceptorChain.chainAndInvoke(InvocationInterceptorChain.java:45)\n\tat org.junit.jupiter.engine.execution.InvocationInterceptorChain.invoke(InvocationInterceptorChain.java:37)\n\tat org.junit.jupiter.engine.execution.ExecutableInvoker.invoke(ExecutableInvoker.java:104)\n\tat org.junit.jupiter.engine.execution.ExecutableInvoker.invoke(ExecutableInvoker.java:98)\n\tat org.junit.jupiter.engine.descriptor.TestMethodTestDescriptor.lambda$invokeTestMethod$7(TestMethodTestDescriptor.java:214)\n\tat org.junit.platform.engine.support.hierarchical.ThrowableCollector.execute(ThrowableCollector.java:73)\n\tat org.junit.jupiter.engine.descriptor.TestMethodTestDescriptor.invokeTestMethod(TestMethodTestDescriptor.java:210)\n\tat org.junit.jupiter.engine.descriptor.TestMethodTestDescriptor.execute(TestMethodTestDescriptor.java:135)\n\tat org.junit.jupiter.engine.descriptor.TestMethodTestDescriptor.execute(TestMethodTestDescriptor.java:66)\n\tat org.junit.platform.engine.support.hierarchical.NodeTestTask.lambda$executeRecursively$5(NodeTestTask.java:139)\n\tat org.junit.platform.engine.support.hierarchical.ThrowableCollector.execute(ThrowableCollector.java:73)\n\tat org.junit.platform.engine.support.hierarchical.NodeTestTask.lambda$executeRecursively$7(NodeTestTask.java:129)\n\tat org.junit.platform.engine.support.hierarchical.Node.around(Node.java:137)\n\tat org.junit.platform.engine.support.hierarchical.NodeTestTask.lambda$executeRecursively$8(NodeTestTask.java:127)\n\tat org.junit.platform.engine.support.hierarchical.ThrowableCollector.execute(ThrowableCollector.java:73)\n\tat org.junit.platform.engine.support.hierarchical.NodeTestTask.executeRecursively(NodeTestTask.java:126)\n\tat org.junit.platform.engine.support.hierarchical.NodeTestTask.execute(NodeTestTask.java:84)\n\tat org.junit.platform.engine.support.hierarchical.ForkJoinPoolHierarchicalTestExecutorService$ExclusiveTask.compute(ForkJoinPoolHierarchicalTestExecutorService.java:185)\n\tat org.junit.platform.engine.support.hierarchical.ForkJoinPoolHierarchicalTestExecutorService.executeNonConcurrentTasks(ForkJoinPoolHierarchicalTestExecutorService.java:155)\n\tat org.junit.platform.engine.support.hierarchical.ForkJoinPoolHierarchicalTestExecutorService.invokeAll(ForkJoinPoolHierarchicalTestExecutorService.java:135)\n\tat org.junit.platform.engine.support.hierarchical.NodeTestTask.lambda$executeRecursively$5(NodeTestTask.java:143)\n\tat org.junit.platform.engine.support.hierarchical.ThrowableCollector.execute(ThrowableCollector.java:73)\n\tat org.junit.platform.engine.support.hierarchical.NodeTestTask.lambda$executeRecursively$7(NodeTestTask.java:129)\n\tat org.junit.platform.engine.support.hierarchical.Node.around(Node.java:137)\n\tat org.junit.platform.engine.support.hierarchical.NodeTestTask.lambda$executeRecursively$8(NodeTestTask.java:127)\n\tat org.junit.platform.engine.support.hierarchical.ThrowableCollector.execute(ThrowableCollector.java:73)\n\tat org.junit.platform.engine.support.hierarchical.NodeTestTask.executeRecursively(NodeTestTask.java:126)\n\tat org.junit.platform.engine.support.hierarchical.NodeTestTask.execute(NodeTestTask.java:84)\n\tat org.junit.platform.engine.support.hierarchical.ForkJoinPoolHierarchicalTestExecutorService$ExclusiveTask.compute(ForkJoinPoolHierarchicalTestExecutorService.java:185)\n\tat org.junit.platform.engine.support.hierarchical.ForkJoinPoolHierarchicalTestExecutorService.executeNonConcurrentTasks(ForkJoinPoolHierarchicalTestExecutorService.java:155)\n\tat org.junit.platform.engine.support.hierarchical.ForkJoinPoolHierarchicalTestExecutorService.invokeAll(ForkJoinPoolHierarchicalTestExecutorService.java:135)\n\tat org.junit.platform.engine.support.hierarchical.NodeTestTask.lambda$executeRecursively$5(NodeTestTask.java:143)\n\tat org.junit.platform.engine.support.hierarchical.ThrowableCollector.execute(ThrowableCollector.java:73)\n\tat org.junit.platform.engine.support.hierarchical.NodeTestTask.lambda$executeRecursively$7(NodeTestTask.java:129)\n\tat org.junit.platform.engine.support.hierarchical.Node.around(Node.java:137)\n\tat org.junit.platform.engine.support.hierarchical.NodeTestTask.lambda$executeRecursively$8(NodeTestTask.java:127)\n\tat org.junit.platform.engine.support.hierarchical.ThrowableCollector.execute(ThrowableCollector.java:73)\n\tat org.junit.platform.engine.support.hierarchical.NodeTestTask.executeRecursively(NodeTestTask.java:126)\n\tat org.junit.platform.engine.support.hierarchical.NodeTestTask.execute(NodeTestTask.java:84)\n\tat org.junit.platform.engine.support.hierarchical.ForkJoinPoolHierarchicalTestExecutorService$ExclusiveTask.compute(ForkJoinPoolHierarchicalTestExecutorService.java:185)\n\tat java.base/java.util.concurrent.RecursiveAction.exec(RecursiveAction.java:194)\n\tat java.base/java.util.concurrent.ForkJoinTask.doExec(ForkJoinTask.java:295)\n\tat java.base/java.util.concurrent.ForkJoinPool$WorkQueue.topLevelExec(ForkJoinPool.java:1016)\n\tat java.base/java.util.concurrent.ForkJoinPool.scan(ForkJoinPool.java:1665)\n\tat java.base/java.util.concurrent.ForkJoinPool.runWorker(ForkJoinPool.java:1598)\n\tat java.base/java.util.concurrent.ForkJoinWorkerThread.run(ForkJoinWorkerThread.java:183)\n","flaky":false,"newFailed":false,"newBroken":false,"newPassed":false,"retriesCount":0,"retriesStatusChange":false,"beforeStages":[{"name":"setup","time":{"start":1656877145052,"stop":1656877145504,"duration":452},"status":"passed","steps":[],"attachments":[],"parameters":[],"stepsCount":0,"attachmentsCount":0,"shouldDisplayMessage":false,"hasContent":false}],"testStage":{"description":"Sorozatos regisztráció különböző, helytelen email címekkel","status":"failed","statusMessage":"The following asserts failed:\n\tdid not expect [User registered!] but found [User registered!],\n\tdid not expect [User registered!] but found [User registered!],\n\tdid not expect [User registered!] but found [User registered!],\n\tdid not expect [User registered!] but found [User registered!],\n\tdid not expect [User registered!] but found [User registered!],\n\tdid not expect [User registered!] but found [User registered!],\n\tdid not expect [User registered!] but found [User registered!],\n\tdid not expect [User registered!] but found [User registered!],\n\tdid not expect [User registered!] but found [User registered!],\n\tdid not expect [User registered!] but found [User registered!],\n\tdid not expect [User registered!] but found [User registered!],\n\tdid not expect [User registered!] but found [User registered!],\n\tdid not expect [User registered!] but found [User registered!],\n\tdid not expect [User registered!] but found [User registered!],\n\tdid not expect [User registered!] but found [User registered!],\n\tdid not expect [User registered!] but found [User registered!],\n\tdid not expect [User registered!] but found [User registered!]","statusTrace":"java.lang.AssertionError: The following asserts failed:\n\tdid not expect [User registered!] but found [User registered!],\n\tdid not expect [User registered!] but found [User registered!],\n\tdid not expect [User registered!] but found [User registered!],\n\tdid not expect [User registered!] but found [User registered!],\n\tdid not expect [User registered!] but found [User registered!],\n\tdid not expect [User registered!] but found [User registered!],\n\tdid not expect [User registered!] but found [User registered!],\n\tdid not expect [User registered!] but found [User registered!],\n\tdid not expect [User registered!] but found [User registered!],\n\tdid not expect [User registered!] but found [User registered!],\n\tdid not expect [User registered!] but found [User registered!],\n\tdid not expect [User registered!] but found [User registered!],\n\tdid not expect [User registered!] but found [User registered!],\n\tdid not expect [User registered!] but found [User registered!],\n\tdid not expect [User registered!] but found [User registered!],\n\tdid not expect [User registered!] but found [User registered!],\n\tdid not expect [User registered!] but found [User registered!]\n\tat org.testng.asserts.SoftAssert.assertAll(SoftAssert.java:46)\n\tat org.testng.asserts.SoftAssert.assertAll(SoftAssert.java:30)\n\tat TestRegisterPage.registerEmailMultipleTest(TestRegisterPage.java:107)\n\tat java.base/jdk.internal.reflect.NativeMethodAccessorImpl.invoke0(Native Method)\n\tat java.base/jdk.internal.reflect.NativeMethodAccessorImpl.invoke(NativeMethodAccessorImpl.java:78)\n\tat java.base/jdk.internal.reflect.DelegatingMethodAccessorImpl.invoke(DelegatingMethodAccessorImpl.java:43)\n\tat java.base/java.lang.reflect.Method.invoke(Method.java:567)\n\tat org.junit.platform.commons.util.ReflectionUtils.invokeMethod(ReflectionUtils.java:725)\n\tat org.junit.jupiter.engine.execution.MethodInvocation.proceed(MethodInvocation.java:60)\n\tat org.junit.jupiter.engine.execution.InvocationInterceptorChain$ValidatingInvocation.proceed(InvocationInterceptorChain.java:131)\n\tat org.junit.jupiter.api.extension.InvocationInterceptor.interceptTestMethod(InvocationInterceptor.java:118)\n\tat org.junit.jupiter.engine.execution.ExecutableInvoker$ReflectiveInterceptorCall.lambda$ofVoidMethod$0(ExecutableInvoker.java:115)\n\tat org.junit.jupiter.engine.execution.ExecutableInvoker.lambda$invoke$0(ExecutableInvoker.java:105)\n\tat org.junit.jupiter.engine.execution.InvocationInterceptorChain$InterceptedInvocation.proceed(InvocationInterceptorChain.java:106)\n\tat org.junit.jupiter.engine.extension.TimeoutExtension.intercept(TimeoutExtension.java:149)\n\tat org.junit.jupiter.engine.extension.TimeoutExtension.interceptTestableMethod(TimeoutExtension.java:140)\n\tat org.junit.jupiter.engine.extension.TimeoutExtension.interceptTestMethod(TimeoutExtension.java:84)\n\tat org.junit.jupiter.engine.execution.ExecutableInvoker$ReflectiveInterceptorCall.lambda$ofVoidMethod$0(ExecutableInvoker.java:115)\n\tat org.junit.jupiter.engine.execution.ExecutableInvoker.lambda$invoke$0(ExecutableInvoker.java:105)\n\tat org.junit.jupiter.engine.execution.InvocationInterceptorChain$InterceptedInvocation.proceed(InvocationInterceptorChain.java:106)\n\tat org.junit.jupiter.engine.execution.InvocationInterceptorChain.proceed(InvocationInterceptorChain.java:64)\n\tat org.junit.jupiter.engine.execution.InvocationInterceptorChain.chainAndInvoke(InvocationInterceptorChain.java:45)\n\tat org.junit.jupiter.engine.execution.InvocationInterceptorChain.invoke(InvocationInterceptorChain.java:37)\n\tat org.junit.jupiter.engine.execution.ExecutableInvoker.invoke(ExecutableInvoker.java:104)\n\tat org.junit.jupiter.engine.execution.ExecutableInvoker.invoke(ExecutableInvoker.java:98)\n\tat org.junit.jupiter.engine.descriptor.TestMethodTestDescriptor.lambda$invokeTestMethod$7(TestMethodTestDescriptor.java:214)\n\tat org.junit.platform.engine.support.hierarchical.ThrowableCollector.execute(ThrowableCollector.java:73)\n\tat org.junit.jupiter.engine.descriptor.TestMethodTestDescriptor.invokeTestMethod(TestMethodTestDescriptor.java:210)\n\tat org.junit.jupiter.engine.descriptor.TestMethodTestDescriptor.execute(TestMethodTestDescriptor.java:135)\n\tat org.junit.jupiter.engine.descriptor.TestMethodTestDescriptor.execute(TestMethodTestDescriptor.java:66)\n\tat org.junit.platform.engine.support.hierarchical.NodeTestTask.lambda$executeRecursively$5(NodeTestTask.java:139)\n\tat org.junit.platform.engine.support.hierarchical.ThrowableCollector.execute(ThrowableCollector.java:73)\n\tat org.junit.platform.engine.support.hierarchical.NodeTestTask.lambda$executeRecursively$7(NodeTestTask.java:129)\n\tat org.junit.platform.engine.support.hierarchical.Node.around(Node.java:137)\n\tat org.junit.platform.engine.support.hierarchical.NodeTestTask.lambda$executeRecursively$8(NodeTestTask.java:127)\n\tat org.junit.platform.engine.support.hierarchical.ThrowableCollector.execute(ThrowableCollector.java:73)\n\tat org.junit.platform.engine.support.hierarchical.NodeTestTask.executeRecursively(NodeTestTask.java:126)\n\tat org.junit.platform.engine.support.hierarchical.NodeTestTask.execute(NodeTestTask.java:84)\n\tat org.junit.platform.engine.support.hierarchical.ForkJoinPoolHierarchicalTestExecutorService$ExclusiveTask.compute(ForkJoinPoolHierarchicalTestExecutorService.java:185)\n\tat org.junit.platform.engine.support.hierarchical.ForkJoinPoolHierarchicalTestExecutorService.executeNonConcurrentTasks(ForkJoinPoolHierarchicalTestExecutorService.java:155)\n\tat org.junit.platform.engine.support.hierarchical.ForkJoinPoolHierarchicalTestExecutorService.invokeAll(ForkJoinPoolHierarchicalTestExecutorService.java:135)\n\tat org.junit.platform.engine.support.hierarchical.NodeTestTask.lambda$executeRecursively$5(NodeTestTask.java:143)\n\tat org.junit.platform.engine.support.hierarchical.ThrowableCollector.execute(ThrowableCollector.java:73)\n\tat org.junit.platform.engine.support.hierarchical.NodeTestTask.lambda$executeRecursively$7(NodeTestTask.java:129)\n\tat org.junit.platform.engine.support.hierarchical.Node.around(Node.java:137)\n\tat org.junit.platform.engine.support.hierarchical.NodeTestTask.lambda$executeRecursively$8(NodeTestTask.java:127)\n\tat org.junit.platform.engine.support.hierarchical.ThrowableCollector.execute(ThrowableCollector.java:73)\n\tat org.junit.platform.engine.support.hierarchical.NodeTestTask.executeRecursively(NodeTestTask.java:126)\n\tat org.junit.platform.engine.support.hierarchical.NodeTestTask.execute(NodeTestTask.java:84)\n\tat org.junit.platform.engine.support.hierarchical.ForkJoinPoolHierarchicalTestExecutorService$ExclusiveTask.compute(ForkJoinPoolHierarchicalTestExecutorService.java:185)\n\tat org.junit.platform.engine.support.hierarchical.ForkJoinPoolHierarchicalTestExecutorService.executeNonConcurrentTasks(ForkJoinPoolHierarchicalTestExecutorService.java:155)\n\tat org.junit.platform.engine.support.hierarchical.ForkJoinPoolHierarchicalTestExecutorService.invokeAll(ForkJoinPoolHierarchicalTestExecutorService.java:135)\n\tat org.junit.platform.engine.support.hierarchical.NodeTestTask.lambda$executeRecursively$5(NodeTestTask.java:143)\n\tat org.junit.platform.engine.support.hierarchical.ThrowableCollector.execute(ThrowableCollector.java:73)\n\tat org.junit.platform.engine.support.hierarchical.NodeTestTask.lambda$executeRecursively$7(NodeTestTask.java:129)\n\tat org.junit.platform.engine.support.hierarchical.Node.around(Node.java:137)\n\tat org.junit.platform.engine.support.hierarchical.NodeTestTask.lambda$executeRecursively$8(NodeTestTask.java:127)\n\tat org.junit.platform.engine.support.hierarchical.ThrowableCollector.execute(ThrowableCollector.java:73)\n\tat org.junit.platform.engine.support.hierarchical.NodeTestTask.executeRecursively(NodeTestTask.java:126)\n\tat org.junit.platform.engine.support.hierarchical.NodeTestTask.execute(NodeTestTask.java:84)\n\tat org.junit.platform.engine.support.hierarchical.ForkJoinPoolHierarchicalTestExecutorService$ExclusiveTask.compute(ForkJoinPoolHierarchicalTestExecutorService.java:185)\n\tat java.base/java.util.concurrent.RecursiveAction.exec(RecursiveAction.java:194)\n\tat java.base/java.util.concurrent.ForkJoinTask.doExec(ForkJoinTask.java:295)\n\tat java.base/java.util.concurrent.ForkJoinPool$WorkQueue.topLevelExec(ForkJoinPool.java:1016)\n\tat java.base/java.util.concurrent.ForkJoinPool.scan(ForkJoinPool.java:1665)\n\tat java.base/java.util.concurrent.ForkJoinPool.runWorker(ForkJoinPool.java:1598)\n\tat java.base/java.util.concurrent.ForkJoinWorkerThread.run(ForkJoinWorkerThread.java:183)\n","steps":[],"attachments":[{"uid":"78451cc95e0cdbb","name":"Sorozatos regisztráció invalid email cím","source":"78451cc95e0cdbb.png","type":"image/png","size":634979},{"uid":"a5ff7687cd600a16","name":"Sorozatos regisztráció invalid email cím","source":"a5ff7687cd600a16.png","type":"image/png","size":636528},{"uid":"3d3ad56472bd6239","name":"Sorozatos regisztráció invalid email cím","source":"3d3ad56472bd6239.png","type":"image/png","size":633792},{"uid":"3b65fb7162bf7e4b","name":"Sorozatos regisztráció invalid email cím","source":"3b65fb7162bf7e4b.png","type":"image/png","size":636121},{"uid":"288c09bca0417ff2","name":"Sorozatos regisztráció invalid email cím","source":"288c09bca0417ff2.png","type":"image/png","size":633583},{"uid":"cc0f03f2217a8a3e","name":"Sorozatos regisztráció invalid email cím","source":"cc0f03f2217a8a3e.png","type":"image/png","size":635396},{"uid":"e2762a3677724131","name":"Sorozatos regisztráció invalid email cím","source":"e2762a3677724131.png","type":"image/png","size":634325},{"uid":"80795220c0acb68e","name":"Sorozatos regisztráció invalid email cím","source":"80795220c0acb68e.png","type":"image/png","size":634158},{"uid":"de5d6ea62d7f7d78","name":"Sorozatos regisztráció invalid email cím","source":"de5d6ea62d7f7d78.png","type":"image/png","size":635055},{"uid":"99f8c28a13c1fb10","name":"Sorozatos regisztráció invalid email cím","source":"99f8c28a13c1fb10.png","type":"image/png","size":634818},{"uid":"799685711644521e","name":"Sorozatos regisztráció invalid email cím","source":"799685711644521e.png","type":"image/png","size":636251},{"uid":"9e789404693926e8","name":"Sorozatos regisztráció invalid email cím","source":"9e789404693926e8.png","type":"image/png","size":634378},{"uid":"587f3b01f9dae29c","name":"Sorozatos regisztráció invalid email cím","source":"587f3b01f9dae29c.png","type":"image/png","size":634034},{"uid":"4b73df6fc95b54f2","name":"Sorozatos regisztráció invalid email cím","source":"4b73df6fc95b54f2.png","type":"image/png","size":635112},{"uid":"e867789a01f7064d","name":"Sorozatos regisztráció invalid email cím","source":"e867789a01f7064d.png","type":"image/png","size":635991},{"uid":"c47fd11f1b21594a","name":"Sorozatos regisztráció invalid email cím","source":"c47fd11f1b21594a.png","type":"image/png","size":634172},{"uid":"931fe534e3bba6b4","name":"Sorozatos regisztráció invalid email cím","source":"931fe534e3bba6b4.png","type":"image/png","size":635301}],"parameters":[],"stepsCount":0,"attachmentsCount":17,"shouldDisplayMessage":true,"hasContent":true},"afterStages":[{"name":"dispose","time":{"start":1656877162883,"stop":1656877162985,"duration":102},"status":"passed","steps":[],"attachments":[],"parameters":[],"stepsCount":0,"attachmentsCount":0,"shouldDisplayMessage":false,"hasContent":false}],"labels":[{"name":"tag","value":"IsmételtÉsSorozatosAdatbevitel"},{"name":"tag","value":"ÚjAdatBevitel"},{"name":"tag","value":"MeglévőAdatMódosítás"},{"name":"tag","value":"AdatVagyAdatokTörlése"},{"name":"host","value":"fv-az275-867"},{"name":"thread","value":"4878@fv-az275-867.ForkJoinPool-1-worker-3(16)"},{"name":"framework","value":"junit-platform"},{"name":"language","value":"java"},{"name":"package","value":"TestRegisterPage"},{"name":"testClass","value":"TestRegisterPage"},{"name":"testMethod","value":"registerEmailMultipleTest"},{"name":"suite","value":"TestRegisterPage"},{"name":"severity","value":"critical"},{"name":"resultFormat","value":"allure2"}],"parameters":[],"links":[],"hidden":false,"retry":false,"extra":{"severity":"critical","retries":[],"categories":[{"name":"Product defects","matchedStatuses":[],"flaky":false}],"history":{"statistic":{"failed":2,"broken":1,"skipped":0,"passed":0,"unknown":0,"total":3},"items":[{"uid":"8de15506988c5f4d","reportUrl":"https://viewxy.github.io/vizsgaremek/18//#testresult/8de15506988c5f4d","status":"failed","statusDetails":"The following asserts failed:\n\tdid not expect [User registered!] but found [User registered!]","time":{"start":1656833712431,"stop":1656833714296,"duration":1865}},{"uid":"8b74d08a1bc1087a","reportUrl":"https://viewxy.github.io/vizsgaremek/17//#testresult/8b74d08a1bc1087a","status":"broken","statusDetails":"Index 1 out of bounds for length 1","time":{"start":1656768768932,"stop":1656768769514,"duration":582}}]},"tags":["ÚjAdatBevitel","AdatVagyAdatokTörlése","IsmételtÉsSorozatosAdatbevitel","MeglévőAdatMódosítás"]},"source":"fdb7b40c01540676.json","parameterValues":[]}